mode: set
potentivio-app/usecase/cafe/cafe.go:14.92,18.2 1 1
potentivio-app/usecase/cafe/cafe.go:19.77,38.2 16 1
potentivio-app/usecase/cafe/cafe.go:40.61,42.20 2 1
potentivio-app/usecase/cafe/cafe.go:45.2,46.21 2 1
potentivio-app/usecase/cafe/cafe.go:49.2,49.22 1 1
potentivio-app/usecase/cafe/cafe.go:52.2,52.25 1 1
potentivio-app/usecase/cafe/cafe.go:55.2,55.24 1 1
potentivio-app/usecase/cafe/cafe.go:58.2,59.14 2 1
potentivio-app/usecase/cafe/cafe.go:42.20,44.3 1 0
potentivio-app/usecase/cafe/cafe.go:46.21,48.3 1 1
potentivio-app/usecase/cafe/cafe.go:49.22,51.3 1 1
potentivio-app/usecase/cafe/cafe.go:52.25,54.3 1 0
potentivio-app/usecase/cafe/cafe.go:55.24,57.3 1 1
potentivio-app/usecase/cafe/cafe.go:62.95,67.33 4 1
potentivio-app/usecase/cafe/cafe.go:77.2,77.24 1 1
potentivio-app/usecase/cafe/cafe.go:67.33,76.3 6 1
potentivio-app/usecase/cafe/cafe.go:80.50,83.2 2 1
potentivio-app/usecase/cafe/cafe.go:85.69,88.2 2 1
