mode: set
potentivio-app/usecase/auth/auth.go:11.92,15.2 1 1
potentivio-app/usecase/auth/auth.go:17.98,20.2 2 1
potentivio-app/usecase/auth/auth.go:22.96,25.2 2 1
potentivio-app/usecase/genre/genre.go:12.97,16.2 1 1
potentivio-app/usecase/genre/genre.go:18.86,21.2 2 1
potentivio-app/usecase/genre/genre.go:23.67,26.2 2 1
potentivio-app/usecase/catagory/catagory.go:12.112,16.2 1 1
potentivio-app/usecase/catagory/catagory.go:18.101,21.2 2 1
potentivio-app/usecase/catagory/catagory.go:23.76,26.2 2 1
potentivio-app/usecase/imageCafe/imageCafe.go:12.117,16.2 1 1
potentivio-app/usecase/imageCafe/imageCafe.go:18.107,21.2 2 1
potentivio-app/usecase/imageCafe/imageCafe.go:23.62,26.2 2 1
potentivio-app/usecase/imageCafe/imageCafe.go:28.84,31.2 2 1
